CRITICAL - 2023-07-29 15:53:45 --> Call to undefined function App\Controllers\MongoConnection()
in APPPATH/Controllers/HomeController.php on line 20.
 1 SYSTEMPATH/CodeIgniter.php(932): App\Controllers\HomeController->dbTest()
 2 SYSTEMPATH/CodeIgniter.php(497): CodeIgniter\CodeIgniter->runController()
 3 SYSTEMPATH/CodeIgniter.php(366): CodeIgniter\CodeIgniter->handleRequest()
 4 FCPATH/index.php(67): CodeIgniter\CodeIgniter->run()
 5 SYSTEMPATH/Commands/Server/rewrite.php(47): require_once('/home/sandy/php-frameworks/basic-app/public/index.php')
CRITICAL - 2023-07-29 15:54:05 --> Call to undefined function App\Controllers\MongoConnection()
in APPPATH/Controllers/HomeController.php on line 20.
 1 SYSTEMPATH/CodeIgniter.php(932): App\Controllers\HomeController->dbTest()
 2 SYSTEMPATH/CodeIgniter.php(497): CodeIgniter\CodeIgniter->runController()
 3 SYSTEMPATH/CodeIgniter.php(366): CodeIgniter\CodeIgniter->handleRequest()
 4 FCPATH/index.php(67): CodeIgniter\CodeIgniter->run()
 5 SYSTEMPATH/Commands/Server/rewrite.php(47): require_once('/home/sandy/php-frameworks/basic-app/public/index.php')
CRITICAL - 2023-07-29 15:54:58 --> Call to undefined function Components\MongoConnection()
in APPPATH/Controllers/HomeController.php on line 20.
 1 SYSTEMPATH/CodeIgniter.php(932): App\Controllers\HomeController->dbTest()
 2 SYSTEMPATH/CodeIgniter.php(497): CodeIgniter\CodeIgniter->runController()
 3 SYSTEMPATH/CodeIgniter.php(366): CodeIgniter\CodeIgniter->handleRequest()
 4 FCPATH/index.php(67): CodeIgniter\CodeIgniter->run()
 5 SYSTEMPATH/Commands/Server/rewrite.php(47): require_once('/home/sandy/php-frameworks/basic-app/public/index.php')
CRITICAL - 2023-07-29 15:55:16 --> Call to undefined function App\Components\MongoConnection()
in APPPATH/Controllers/HomeController.php on line 20.
 1 SYSTEMPATH/CodeIgniter.php(932): App\Controllers\HomeController->dbTest()
 2 SYSTEMPATH/CodeIgniter.php(497): CodeIgniter\CodeIgniter->runController()
 3 SYSTEMPATH/CodeIgniter.php(366): CodeIgniter\CodeIgniter->handleRequest()
 4 FCPATH/index.php(67): CodeIgniter\CodeIgniter->run()
 5 SYSTEMPATH/Commands/Server/rewrite.php(47): require_once('/home/sandy/php-frameworks/basic-app/public/index.php')
CRITICAL - 2023-07-29 15:55:28 --> Class "App\Components\MongoConnection" not found
in APPPATH/Controllers/HomeController.php on line 20.
 1 SYSTEMPATH/CodeIgniter.php(932): App\Controllers\HomeController->dbTest()
 2 SYSTEMPATH/CodeIgniter.php(497): CodeIgniter\CodeIgniter->runController()
 3 SYSTEMPATH/CodeIgniter.php(366): CodeIgniter\CodeIgniter->handleRequest()
 4 FCPATH/index.php(67): CodeIgniter\CodeIgniter->run()
 5 SYSTEMPATH/Commands/Server/rewrite.php(47): require_once('/home/sandy/php-frameworks/basic-app/public/index.php')
CRITICAL - 2023-07-29 15:57:11 --> Class "App\Components\BaseController" not found
in APPPATH/Controllers/HomeController.php on line 6.
 1 SYSTEMPATH/Autoloader/Autoloader.php(312): include_once()
 2 SYSTEMPATH/Autoloader/Autoloader.php(289): CodeIgniter\Autoloader\Autoloader->includeFile()
 3 SYSTEMPATH/Autoloader/Autoloader.php(267): CodeIgniter\Autoloader\Autoloader->loadInNamespace()
 4 [internal function]: CodeIgniter\Autoloader\Autoloader->loadClass()
 5 SYSTEMPATH/CodeIgniter.php(890): class_exists()
 6 SYSTEMPATH/CodeIgniter.php(484): CodeIgniter\CodeIgniter->startController()
 7 SYSTEMPATH/CodeIgniter.php(366): CodeIgniter\CodeIgniter->handleRequest()
 8 FCPATH/index.php(67): CodeIgniter\CodeIgniter->run()
 9 SYSTEMPATH/Commands/Server/rewrite.php(47): require_once('/home/sandy/php-frameworks/basic-app/public/index.php')
CRITICAL - 2023-07-29 15:57:28 --> Class "App\Controllers\MongoConnection" not found
in APPPATH/Controllers/HomeController.php on line 21.
 1 SYSTEMPATH/CodeIgniter.php(932): App\Controllers\HomeController->dbTest()
 2 SYSTEMPATH/CodeIgniter.php(497): CodeIgniter\CodeIgniter->runController()
 3 SYSTEMPATH/CodeIgniter.php(366): CodeIgniter\CodeIgniter->handleRequest()
 4 FCPATH/index.php(67): CodeIgniter\CodeIgniter->run()
 5 SYSTEMPATH/Commands/Server/rewrite.php(47): require_once('/home/sandy/php-frameworks/basic-app/public/index.php')
CRITICAL - 2023-07-29 16:00:17 --> require_once(/App/Components/MongoConnection): Failed to open stream: No such file or directory
in APPPATH/Controllers/HomeController.php on line 5.
 1 APPPATH/Controllers/HomeController.php(5): CodeIgniter\Debug\Exceptions->errorHandler()
 2 APPPATH/Controllers/HomeController.php(5): require_once()
 3 SYSTEMPATH/Autoloader/Autoloader.php(312): include_once('/home/sandy/php-frameworks/basic-app/app/Controllers/HomeController.php')
 4 SYSTEMPATH/Autoloader/Autoloader.php(289): CodeIgniter\Autoloader\Autoloader->includeFile()
 5 SYSTEMPATH/Autoloader/Autoloader.php(267): CodeIgniter\Autoloader\Autoloader->loadInNamespace()
 6 [internal function]: CodeIgniter\Autoloader\Autoloader->loadClass()
 7 SYSTEMPATH/CodeIgniter.php(890): class_exists()
 8 SYSTEMPATH/CodeIgniter.php(484): CodeIgniter\CodeIgniter->startController()
 9 SYSTEMPATH/CodeIgniter.php(366): CodeIgniter\CodeIgniter->handleRequest()
10 FCPATH/index.php(67): CodeIgniter\CodeIgniter->run()
11 SYSTEMPATH/Commands/Server/rewrite.php(47): require_once('/home/sandy/php-frameworks/basic-app/public/index.php')
CRITICAL - 2023-07-29 16:00:27 --> require_once(/App/Components/MongoConnection.php): Failed to open stream: No such file or directory
in APPPATH/Controllers/HomeController.php on line 5.
 1 APPPATH/Controllers/HomeController.php(5): CodeIgniter\Debug\Exceptions->errorHandler()
 2 APPPATH/Controllers/HomeController.php(5): require_once()
 3 SYSTEMPATH/Autoloader/Autoloader.php(312): include_once('/home/sandy/php-frameworks/basic-app/app/Controllers/HomeController.php')
 4 SYSTEMPATH/Autoloader/Autoloader.php(289): CodeIgniter\Autoloader\Autoloader->includeFile()
 5 SYSTEMPATH/Autoloader/Autoloader.php(267): CodeIgniter\Autoloader\Autoloader->loadInNamespace()
 6 [internal function]: CodeIgniter\Autoloader\Autoloader->loadClass()
 7 SYSTEMPATH/CodeIgniter.php(890): class_exists()
 8 SYSTEMPATH/CodeIgniter.php(484): CodeIgniter\CodeIgniter->startController()
 9 SYSTEMPATH/CodeIgniter.php(366): CodeIgniter\CodeIgniter->handleRequest()
10 FCPATH/index.php(67): CodeIgniter\CodeIgniter->run()
11 SYSTEMPATH/Commands/Server/rewrite.php(47): require_once('/home/sandy/php-frameworks/basic-app/public/index.php')
CRITICAL - 2023-07-29 16:00:37 --> require_once(App/Components/MongoConnection.php): Failed to open stream: No such file or directory
in APPPATH/Controllers/HomeController.php on line 5.
 1 APPPATH/Controllers/HomeController.php(5): CodeIgniter\Debug\Exceptions->errorHandler()
 2 APPPATH/Controllers/HomeController.php(5): require_once()
 3 SYSTEMPATH/Autoloader/Autoloader.php(312): include_once('/home/sandy/php-frameworks/basic-app/app/Controllers/HomeController.php')
 4 SYSTEMPATH/Autoloader/Autoloader.php(289): CodeIgniter\Autoloader\Autoloader->includeFile()
 5 SYSTEMPATH/Autoloader/Autoloader.php(267): CodeIgniter\Autoloader\Autoloader->loadInNamespace()
 6 [internal function]: CodeIgniter\Autoloader\Autoloader->loadClass()
 7 SYSTEMPATH/CodeIgniter.php(890): class_exists()
 8 SYSTEMPATH/CodeIgniter.php(484): CodeIgniter\CodeIgniter->startController()
 9 SYSTEMPATH/CodeIgniter.php(366): CodeIgniter\CodeIgniter->handleRequest()
10 FCPATH/index.php(67): CodeIgniter\CodeIgniter->run()
11 SYSTEMPATH/Commands/Server/rewrite.php(47): require_once('/home/sandy/php-frameworks/basic-app/public/index.php')
CRITICAL - 2023-07-29 16:01:43 --> Class "App\Components\MongoConnection" not found
in APPPATH/Controllers/HomeController.php on line 22.
 1 SYSTEMPATH/CodeIgniter.php(932): App\Controllers\HomeController->dbTest()
 2 SYSTEMPATH/CodeIgniter.php(497): CodeIgniter\CodeIgniter->runController()
 3 SYSTEMPATH/CodeIgniter.php(366): CodeIgniter\CodeIgniter->handleRequest()
 4 FCPATH/index.php(67): CodeIgniter\CodeIgniter->run()
 5 SYSTEMPATH/Commands/Server/rewrite.php(47): require_once('/home/sandy/php-frameworks/basic-app/public/index.php')
CRITICAL - 2023-07-29 16:08:06 --> Undefined constant "App\Controllers\PHYSICAL_BASE_URL"
in APPPATH/Controllers/HomeController.php on line 5.
 1 SYSTEMPATH/Autoloader/Autoloader.php(312): include_once()
 2 SYSTEMPATH/Autoloader/Autoloader.php(289): CodeIgniter\Autoloader\Autoloader->includeFile()
 3 SYSTEMPATH/Autoloader/Autoloader.php(267): CodeIgniter\Autoloader\Autoloader->loadInNamespace()
 4 [internal function]: CodeIgniter\Autoloader\Autoloader->loadClass()
 5 SYSTEMPATH/CodeIgniter.php(890): class_exists()
 6 SYSTEMPATH/CodeIgniter.php(484): CodeIgniter\CodeIgniter->startController()
 7 SYSTEMPATH/CodeIgniter.php(366): CodeIgniter\CodeIgniter->handleRequest()
 8 FCPATH/index.php(67): CodeIgniter\CodeIgniter->run()
 9 SYSTEMPATH/Commands/Server/rewrite.php(47): require_once('/home/sandy/php-frameworks/basic-app/public/index.php')
CRITICAL - 2023-07-29 16:15:41 --> Class "App\Components\MongoConnection" not found
in APPPATH/Controllers/HomeController.php on line 22.
 1 SYSTEMPATH/CodeIgniter.php(932): App\Controllers\HomeController->dbTest()
 2 SYSTEMPATH/CodeIgniter.php(497): CodeIgniter\CodeIgniter->runController()
 3 SYSTEMPATH/CodeIgniter.php(366): CodeIgniter\CodeIgniter->handleRequest()
 4 FCPATH/index.php(67): CodeIgniter\CodeIgniter->run()
 5 SYSTEMPATH/Commands/Server/rewrite.php(47): require_once('/home/sandy/php-frameworks/basic-app/public/index.php')
WARNING - 2023-07-29 16:23:05 --> [DEPRECATED] Creation of dynamic property App\Controllers\HomeController::$client is deprecated in APPPATH/Controllers/HomeController.php on line 31.
 1 SYSTEMPATH/CodeIgniter.php(932): App\Controllers\HomeController->dbTest()
 2 SYSTEMPATH/CodeIgniter.php(497): CodeIgniter\CodeIgniter->runController(Object(App\Controllers\HomeController))
 3 SYSTEMPATH/CodeIgniter.php(366): CodeIgniter\CodeIgniter->handleRequest(null, Object(Config\Cache), false)
 4 FCPATH/index.php(67): CodeIgniter\CodeIgniter->run()
 5 SYSTEMPATH/Commands/Server/rewrite.php(47): require_once('/home/sandy/php-frameworks/basic-app/public/index.php')
WARNING - 2023-07-29 16:23:05 --> [DEPRECATED] Creation of dynamic property App\Controllers\HomeController::$database is deprecated in APPPATH/Controllers/HomeController.php on line 37.
 1 SYSTEMPATH/CodeIgniter.php(932): App\Controllers\HomeController->dbTest()
 2 SYSTEMPATH/CodeIgniter.php(497): CodeIgniter\CodeIgniter->runController(Object(App\Controllers\HomeController))
 3 SYSTEMPATH/CodeIgniter.php(366): CodeIgniter\CodeIgniter->handleRequest(null, Object(Config\Cache), false)
 4 FCPATH/index.php(67): CodeIgniter\CodeIgniter->run()
 5 SYSTEMPATH/Commands/Server/rewrite.php(47): require_once('/home/sandy/php-frameworks/basic-app/public/index.php')
WARNING - 2023-07-29 16:23:23 --> [DEPRECATED] Creation of dynamic property App\Controllers\HomeController::$client is deprecated in APPPATH/Controllers/HomeController.php on line 31.
 1 SYSTEMPATH/CodeIgniter.php(932): App\Controllers\HomeController->dbTest()
 2 SYSTEMPATH/CodeIgniter.php(497): CodeIgniter\CodeIgniter->runController(Object(App\Controllers\HomeController))
 3 SYSTEMPATH/CodeIgniter.php(366): CodeIgniter\CodeIgniter->handleRequest(null, Object(Config\Cache), false)
 4 FCPATH/index.php(67): CodeIgniter\CodeIgniter->run()
 5 SYSTEMPATH/Commands/Server/rewrite.php(47): require_once('/home/sandy/php-frameworks/basic-app/public/index.php')
WARNING - 2023-07-29 16:23:23 --> [DEPRECATED] Creation of dynamic property App\Controllers\HomeController::$database is deprecated in APPPATH/Controllers/HomeController.php on line 37.
 1 SYSTEMPATH/CodeIgniter.php(932): App\Controllers\HomeController->dbTest()
 2 SYSTEMPATH/CodeIgniter.php(497): CodeIgniter\CodeIgniter->runController(Object(App\Controllers\HomeController))
 3 SYSTEMPATH/CodeIgniter.php(366): CodeIgniter\CodeIgniter->handleRequest(null, Object(Config\Cache), false)
 4 FCPATH/index.php(67): CodeIgniter\CodeIgniter->run()
 5 SYSTEMPATH/Commands/Server/rewrite.php(47): require_once('/home/sandy/php-frameworks/basic-app/public/index.php')
WARNING - 2023-07-29 16:23:35 --> [DEPRECATED] Creation of dynamic property App\Controllers\HomeController::$client is deprecated in APPPATH/Controllers/HomeController.php on line 31.
 1 SYSTEMPATH/CodeIgniter.php(932): App\Controllers\HomeController->dbTest()
 2 SYSTEMPATH/CodeIgniter.php(497): CodeIgniter\CodeIgniter->runController(Object(App\Controllers\HomeController))
 3 SYSTEMPATH/CodeIgniter.php(366): CodeIgniter\CodeIgniter->handleRequest(null, Object(Config\Cache), false)
 4 FCPATH/index.php(67): CodeIgniter\CodeIgniter->run()
 5 SYSTEMPATH/Commands/Server/rewrite.php(47): require_once('/home/sandy/php-frameworks/basic-app/public/index.php')
WARNING - 2023-07-29 16:23:35 --> [DEPRECATED] Creation of dynamic property App\Controllers\HomeController::$database is deprecated in APPPATH/Controllers/HomeController.php on line 37.
 1 SYSTEMPATH/CodeIgniter.php(932): App\Controllers\HomeController->dbTest()
 2 SYSTEMPATH/CodeIgniter.php(497): CodeIgniter\CodeIgniter->runController(Object(App\Controllers\HomeController))
 3 SYSTEMPATH/CodeIgniter.php(366): CodeIgniter\CodeIgniter->handleRequest(null, Object(Config\Cache), false)
 4 FCPATH/index.php(67): CodeIgniter\CodeIgniter->run()
 5 SYSTEMPATH/Commands/Server/rewrite.php(47): require_once('/home/sandy/php-frameworks/basic-app/public/index.php')
CRITICAL - 2023-07-29 16:30:02 --> Class "App\Components\MongoConnection" not found
in APPPATH/Controllers/HomeController.php on line 22.
 1 SYSTEMPATH/CodeIgniter.php(932): App\Controllers\HomeController->dbTest()
 2 SYSTEMPATH/CodeIgniter.php(497): CodeIgniter\CodeIgniter->runController()
 3 SYSTEMPATH/CodeIgniter.php(366): CodeIgniter\CodeIgniter->handleRequest()
 4 FCPATH/index.php(67): CodeIgniter\CodeIgniter->run()
 5 SYSTEMPATH/Commands/Server/rewrite.php(47): require_once('/home/sandy/php-frameworks/basic-app/public/index.php')
